E:\HuiCheng\C# xinpian\Detection\Detec1\myprocess\x64\Release\cl.command.1.tlog
E:\HuiCheng\C# xinpian\Detection\Detec1\myprocess\x64\Release\CL.read.1.tlog
E:\HuiCheng\C# xinpian\Detection\Detec1\myprocess\x64\Release\CL.write.1.tlog
E:\HUICHENG\C# XINPIAN\DETECTION\DETEC1\MYPROCESS\X64\RELEASE\DLLMAIN.OBJ
E:\HuiCheng\C# xinpian\Detection\Detec1\myprocess\x64\Release\link.command.1.tlog
E:\HuiCheng\C# xinpian\Detection\Detec1\myprocess\x64\Release\link.read.1.tlog
E:\HuiCheng\C# xinpian\Detection\Detec1\myprocess\x64\Release\link.write.1.tlog
E:\HuiCheng\C# xinpian\Detection\Detec1\myprocess\x64\Release\mt.command.1.tlog
E:\HuiCheng\C# xinpian\Detection\Detec1\myprocess\x64\Release\mt.read.1.tlog
E:\HuiCheng\C# xinpian\Detection\Detec1\myprocess\x64\Release\mt.write.1.tlog
E:\HUICHENG\C# XINPIAN\DETECTION\DETEC1\MYPROCESS\X64\RELEASE\MYPROCESS.DLL.INTERMEDIATE.MANIFEST
E:\HUICHENG\C# XINPIAN\DETECTION\DETEC1\MYPROCESS\X64\RELEASE\MYPROCESS.OBJ
E:\HUICHENG\C# XINPIAN\DETECTION\DETEC1\MYPROCESS\X64\RELEASE\MYPROCESS.PCH
E:\HuiCheng\C# xinpian\Detection\Detec1\myprocess\x64\Release\myprocess.write.1.tlog
E:\HUICHENG\C# XINPIAN\DETECTION\DETEC1\MYPROCESS\X64\RELEASE\STDAFX.OBJ
E:\HUICHENG\C# XINPIAN\DETECTION\DETEC1\MYPROCESS\X64\RELEASE\VC100.PDB
E:\HUICHENG\C# XINPIAN\DETECTION\DETEC1\X64\RELEASE\MYPROCESS.DLL
E:\HuiCheng\C# xinpian\Detection\Detec1\x64\Release\myprocess.exp
E:\HuiCheng\C# xinpian\Detection\Detec1\x64\Release\myprocess.lib
E:\HUICHENG\C# XINPIAN\DETECTION\DETEC1\X64\RELEASE\MYPROCESS.PDB
