C:\USERS\ADMINISTRATOR\DESKTOP\V2\VISION\CHIPDETECTION\BIN\X64\DEBUG\MYPROCESS.DLL
C:\Users\Administrator\Desktop\V2\vision\chipDetection\bin\x64\Debug\myprocess.exp
C:\USERS\ADMINISTRATOR\DESKTOP\V2\VISION\CHIPDETECTION\BIN\X64\DEBUG\MYPROCESS.ILK
C:\Users\Administrator\Desktop\V2\vision\chipDetection\bin\x64\Debug\myprocess.lib
C:\USERS\ADMINISTRATOR\DESKTOP\V2\VISION\CHIPDETECTION\BIN\X64\DEBUG\MYPROCESS.PDB
C:\Users\Administrator\Desktop\V2\vision\myprocess\x64\Debug\cl.command.1.tlog
C:\Users\Administrator\Desktop\V2\vision\myprocess\x64\Debug\CL.read.1.tlog
C:\Users\Administrator\Desktop\V2\vision\myprocess\x64\Debug\CL.write.1.tlog
C:\USERS\ADMINISTRATOR\DESKTOP\V2\VISION\MYPROCESS\X64\DEBUG\DLLMAIN.OBJ
C:\Users\Administrator\Desktop\V2\vision\myprocess\x64\Debug\link.3932.read.1.tlog
C:\Users\Administrator\Desktop\V2\vision\myprocess\x64\Debug\link.3932.write.1.tlog
C:\Users\Administrator\Desktop\V2\vision\myprocess\x64\Debug\link.3932-cvtres.read.1.tlog
C:\Users\Administrator\Desktop\V2\vision\myprocess\x64\Debug\link.3932-cvtres.write.1.tlog
C:\Users\Administrator\Desktop\V2\vision\myprocess\x64\Debug\link.command.1.tlog
C:\Users\Administrator\Desktop\V2\vision\myprocess\x64\Debug\link.read.1.tlog
C:\Users\Administrator\Desktop\V2\vision\myprocess\x64\Debug\link.write.1.tlog
C:\Users\Administrator\Desktop\V2\vision\myprocess\x64\Debug\link-cvtres.read.1.tlog
C:\Users\Administrator\Desktop\V2\vision\myprocess\x64\Debug\link-cvtres.write.1.tlog
C:\Users\Administrator\Desktop\V2\vision\myprocess\x64\Debug\mt.command.1.tlog
C:\Users\Administrator\Desktop\V2\vision\myprocess\x64\Debug\mt.read.1.tlog
C:\Users\Administrator\Desktop\V2\vision\myprocess\x64\Debug\mt.write.1.tlog
C:\USERS\ADMINISTRATOR\DESKTOP\V2\VISION\MYPROCESS\X64\DEBUG\MYPROCESS.DLL.EMBED.MANIFEST
C:\USERS\ADMINISTRATOR\DESKTOP\V2\VISION\MYPROCESS\X64\DEBUG\MYPROCESS.DLL.EMBED.MANIFEST.RES
C:\USERS\ADMINISTRATOR\DESKTOP\V2\VISION\MYPROCESS\X64\DEBUG\MYPROCESS.DLL.INTERMEDIATE.MANIFEST
C:\USERS\ADMINISTRATOR\DESKTOP\V2\VISION\MYPROCESS\X64\DEBUG\MYPROCESS.OBJ
C:\USERS\ADMINISTRATOR\DESKTOP\V2\VISION\MYPROCESS\X64\DEBUG\MYPROCESS.PCH
C:\Users\Administrator\Desktop\V2\vision\myprocess\x64\Debug\myprocess.vcxprojResolveAssemblyReference.cache
C:\Users\Administrator\Desktop\V2\vision\myprocess\x64\Debug\myprocess.write.1.tlog
C:\Users\Administrator\Desktop\V2\vision\myprocess\x64\Debug\myprocess_manifest.rc
C:\Users\Administrator\Desktop\V2\vision\myprocess\x64\Debug\rc.command.1.tlog
C:\Users\Administrator\Desktop\V2\vision\myprocess\x64\Debug\rc.read.1.tlog
C:\Users\Administrator\Desktop\V2\vision\myprocess\x64\Debug\rc.write.1.tlog
C:\USERS\ADMINISTRATOR\DESKTOP\V2\VISION\MYPROCESS\X64\DEBUG\STDAFX.OBJ
C:\Users\Administrator\Desktop\V2\vision\myprocess\x64\Debug\vc100.idb
C:\USERS\ADMINISTRATOR\DESKTOP\V2\VISION\MYPROCESS\X64\DEBUG\VC100.PDB
