../chipDetection\bin\x64\Debug\myprocess.ilk
../chipDetection\bin\x64\Debug\myprocess.pdb
C:\USERS\ADMINISTRATOR\DESKTOP\PRE_V1\DETECTION1-13\CHIPDETECTION\BIN\X64\DEBUG\MYPROCESS.DLL
C:\Users\Administrator\Desktop\pre_v1\Detection1-13\chipDetection\bin\x64\Debug\myprocess.exp
C:\USERS\ADMINISTRATOR\DESKTOP\PRE_V1\DETECTION1-13\CHIPDETECTION\BIN\X64\DEBUG\MYPROCESS.ILK
C:\Users\Administrator\Desktop\pre_v1\Detection1-13\chipDetection\bin\x64\Debug\myprocess.lib
C:\USERS\ADMINISTRATOR\DESKTOP\PRE_V1\DETECTION1-13\CHIPDETECTION\BIN\X64\DEBUG\MYPROCESS.PDB
C:\Users\Administrator\Desktop\pre_v1\Detection1-13\myprocess\../chipDetection\bin\x64\Debug\myprocess.dll
C:\Users\Administrator\Desktop\pre_v1\Detection1-13\myprocess\x64\Debug\cl.command.1.tlog
C:\Users\Administrator\Desktop\pre_v1\Detection1-13\myprocess\x64\Debug\CL.read.1.tlog
C:\Users\Administrator\Desktop\pre_v1\Detection1-13\myprocess\x64\Debug\CL.write.1.tlog
C:\USERS\ADMINISTRATOR\DESKTOP\PRE_V1\DETECTION1-13\MYPROCESS\X64\DEBUG\DLLMAIN.OBJ
C:\Users\Administrator\Desktop\pre_v1\Detection1-13\myprocess\x64\Debug\link.428.read.1.tlog
C:\Users\Administrator\Desktop\pre_v1\Detection1-13\myprocess\x64\Debug\link.428.write.1.tlog
C:\Users\Administrator\Desktop\pre_v1\Detection1-13\myprocess\x64\Debug\link.428-cvtres.read.1.tlog
C:\Users\Administrator\Desktop\pre_v1\Detection1-13\myprocess\x64\Debug\link.428-cvtres.write.1.tlog
C:\Users\Administrator\Desktop\pre_v1\Detection1-13\myprocess\x64\Debug\link.command.1.tlog
C:\Users\Administrator\Desktop\pre_v1\Detection1-13\myprocess\x64\Debug\link.read.1.tlog
C:\Users\Administrator\Desktop\pre_v1\Detection1-13\myprocess\x64\Debug\link.write.1.tlog
C:\Users\Administrator\Desktop\pre_v1\Detection1-13\myprocess\x64\Debug\link-cvtres.read.1.tlog
C:\Users\Administrator\Desktop\pre_v1\Detection1-13\myprocess\x64\Debug\link-cvtres.write.1.tlog
C:\Users\Administrator\Desktop\pre_v1\Detection1-13\myprocess\x64\Debug\mt.command.1.tlog
C:\Users\Administrator\Desktop\pre_v1\Detection1-13\myprocess\x64\Debug\mt.read.1.tlog
C:\Users\Administrator\Desktop\pre_v1\Detection1-13\myprocess\x64\Debug\mt.write.1.tlog
C:\USERS\ADMINISTRATOR\DESKTOP\PRE_V1\DETECTION1-13\MYPROCESS\X64\DEBUG\MYPROCESS.DLL.EMBED.MANIFEST
C:\USERS\ADMINISTRATOR\DESKTOP\PRE_V1\DETECTION1-13\MYPROCESS\X64\DEBUG\MYPROCESS.DLL.EMBED.MANIFEST.RES
C:\USERS\ADMINISTRATOR\DESKTOP\PRE_V1\DETECTION1-13\MYPROCESS\X64\DEBUG\MYPROCESS.DLL.INTERMEDIATE.MANIFEST
C:\USERS\ADMINISTRATOR\DESKTOP\PRE_V1\DETECTION1-13\MYPROCESS\X64\DEBUG\MYPROCESS.OBJ
C:\USERS\ADMINISTRATOR\DESKTOP\PRE_V1\DETECTION1-13\MYPROCESS\X64\DEBUG\MYPROCESS.PCH
C:\Users\Administrator\Desktop\pre_v1\Detection1-13\myprocess\x64\Debug\myprocess.write.1.tlog
C:\Users\Administrator\Desktop\pre_v1\Detection1-13\myprocess\x64\Debug\myprocess_manifest.rc
C:\Users\Administrator\Desktop\pre_v1\Detection1-13\myprocess\x64\Debug\rc.command.1.tlog
C:\Users\Administrator\Desktop\pre_v1\Detection1-13\myprocess\x64\Debug\rc.read.1.tlog
C:\Users\Administrator\Desktop\pre_v1\Detection1-13\myprocess\x64\Debug\rc.write.1.tlog
C:\USERS\ADMINISTRATOR\DESKTOP\PRE_V1\DETECTION1-13\MYPROCESS\X64\DEBUG\STDAFX.OBJ
C:\Users\Administrator\Desktop\pre_v1\Detection1-13\myprocess\x64\Debug\vc100.idb
C:\USERS\ADMINISTRATOR\DESKTOP\PRE_V1\DETECTION1-13\MYPROCESS\X64\DEBUG\VC100.PDB
