E:\拟合直线\确定左右边界\FindGear\FindGear\x64\Debug\cl.command.1.tlog
E:\拟合直线\确定左右边界\FindGear\FindGear\x64\Debug\CL.read.1.tlog
E:\拟合直线\确定左右边界\FindGear\FindGear\x64\Debug\CL.write.1.tlog
E:\拟合直线\确定左右边界\FINDGEAR\FINDGEAR\X64\DEBUG\DRAWLINE.OBJ
E:\拟合直线\确定左右边界\FINDGEAR\FINDGEAR\X64\DEBUG\FINDGEAR.EXE.EMBED.MANIFEST
E:\拟合直线\确定左右边界\FINDGEAR\FINDGEAR\X64\DEBUG\FINDGEAR.EXE.EMBED.MANIFEST.RES
E:\拟合直线\确定左右边界\FINDGEAR\FINDGEAR\X64\DEBUG\FINDGEAR.EXE.INTERMEDIATE.MANIFEST
E:\拟合直线\确定左右边界\FindGear\FindGear\x64\Debug\FindGear.write.1.tlog
E:\拟合直线\确定左右边界\FindGear\FindGear\x64\Debug\FindGear_manifest.rc
E:\拟合直线\确定左右边界\FindGear\FindGear\x64\Debug\link.8424.read.1.tlog
E:\拟合直线\确定左右边界\FindGear\FindGear\x64\Debug\link.8424.write.1.tlog
E:\拟合直线\确定左右边界\FindGear\FindGear\x64\Debug\link.8424-cvtres.read.1.tlog
E:\拟合直线\确定左右边界\FindGear\FindGear\x64\Debug\link.8424-cvtres.write.1.tlog
E:\拟合直线\确定左右边界\FindGear\FindGear\x64\Debug\link.command.1.tlog
E:\拟合直线\确定左右边界\FindGear\FindGear\x64\Debug\link.read.1.tlog
E:\拟合直线\确定左右边界\FindGear\FindGear\x64\Debug\link.write.1.tlog
E:\拟合直线\确定左右边界\FindGear\FindGear\x64\Debug\link-cvtres.read.1.tlog
E:\拟合直线\确定左右边界\FindGear\FindGear\x64\Debug\link-cvtres.write.1.tlog
E:\拟合直线\确定左右边界\FindGear\FindGear\x64\Debug\mt.command.1.tlog
E:\拟合直线\确定左右边界\FindGear\FindGear\x64\Debug\mt.read.1.tlog
E:\拟合直线\确定左右边界\FindGear\FindGear\x64\Debug\mt.write.1.tlog
E:\拟合直线\确定左右边界\FindGear\FindGear\x64\Debug\rc.command.1.tlog
E:\拟合直线\确定左右边界\FindGear\FindGear\x64\Debug\rc.read.1.tlog
E:\拟合直线\确定左右边界\FindGear\FindGear\x64\Debug\rc.write.1.tlog
E:\拟合直线\确定左右边界\FindGear\FindGear\x64\Debug\vc100.idb
E:\拟合直线\确定左右边界\FINDGEAR\FINDGEAR\X64\DEBUG\VC100.PDB
E:\拟合直线\确定左右边界\FINDGEAR\X64\DEBUG\FINDGEAR.EXE
E:\拟合直线\确定左右边界\FINDGEAR\X64\DEBUG\FINDGEAR.ILK
E:\拟合直线\确定左右边界\FINDGEAR\X64\DEBUG\FINDGEAR.PDB
