E:\FindGear\FindGear\FindGear\x64\Debug\cl.command.1.tlog
E:\FindGear\FindGear\FindGear\x64\Debug\CL.read.1.tlog
E:\FindGear\FindGear\FindGear\x64\Debug\CL.write.1.tlog
E:\FINDGEAR\FINDGEAR\FINDGEAR\X64\DEBUG\DRAWLINE.OBJ
E:\FINDGEAR\FINDGEAR\FINDGEAR\X64\DEBUG\FINDGEAR.EXE.EMBED.MANIFEST
E:\FINDGEAR\FINDGEAR\FINDGEAR\X64\DEBUG\FINDGEAR.EXE.EMBED.MANIFEST.RES
E:\FINDGEAR\FINDGEAR\FINDGEAR\X64\DEBUG\FINDGEAR.EXE.INTERMEDIATE.MANIFEST
E:\FindGear\FindGear\FindGear\x64\Debug\FindGear.write.1.tlog
E:\FindGear\FindGear\FindGear\x64\Debug\FindGear_manifest.rc
E:\FindGear\FindGear\FindGear\x64\Debug\link.10384.read.1.tlog
E:\FindGear\FindGear\FindGear\x64\Debug\link.10384.write.1.tlog
E:\FindGear\FindGear\FindGear\x64\Debug\link.10384-cvtres.read.1.tlog
E:\FindGear\FindGear\FindGear\x64\Debug\link.10384-cvtres.write.1.tlog
E:\FindGear\FindGear\FindGear\x64\Debug\link.command.1.tlog
E:\FindGear\FindGear\FindGear\x64\Debug\link.read.1.tlog
E:\FindGear\FindGear\FindGear\x64\Debug\link.write.1.tlog
E:\FindGear\FindGear\FindGear\x64\Debug\link-cvtres.read.1.tlog
E:\FindGear\FindGear\FindGear\x64\Debug\link-cvtres.write.1.tlog
E:\FindGear\FindGear\FindGear\x64\Debug\mt.command.1.tlog
E:\FindGear\FindGear\FindGear\x64\Debug\mt.read.1.tlog
E:\FindGear\FindGear\FindGear\x64\Debug\mt.write.1.tlog
E:\FindGear\FindGear\FindGear\x64\Debug\rc.command.1.tlog
E:\FindGear\FindGear\FindGear\x64\Debug\rc.read.1.tlog
E:\FindGear\FindGear\FindGear\x64\Debug\rc.write.1.tlog
E:\FindGear\FindGear\FindGear\x64\Debug\vc100.idb
E:\FINDGEAR\FINDGEAR\FINDGEAR\X64\DEBUG\VC100.PDB
E:\FINDGEAR\FINDGEAR\X64\DEBUG\FINDGEAR.EXE
E:\FINDGEAR\FINDGEAR\X64\DEBUG\FINDGEAR.ILK
E:\FINDGEAR\FINDGEAR\X64\DEBUG\FINDGEAR.PDB
