生成启动时间为 2017/4/22 23:41:39。
     1>项目“E:\FindGear\FindGear\FindGear\FindGear.vcxproj”在节点 2 上(rebuild 个目标)。
     1>_PrepareForClean:
         正在删除文件“x64\Debug\FindGear.lastbuildstate”。
       InitializeBuildStatus:
         正在创建“x64\Debug\FindGear.unsuccessfulbuild”，因为已指定“AlwaysCreate”。
       ClCompile:
         C:\Program Files (x86)\Microsoft Visual Studio 10.0\VC\bin\x86_amd64\CL.exe /c /Zi /nologo /W3 /WX- /Od /D WIN32 /D _DEBUG /D _CONSOLE /D _UNICODE /D UNICODE /Gm /EHsc /RTC1 /MDd /GS /fp:precise /Zc:wchar_t /Zc:forScope /Fo"x64\Debug\\" /Fd"x64\Debug\vc100.pdb" /Gd /TP /errorReport:prompt drawline.cpp
         drawline.cpp
     1>drawline.cpp(68): warning C4267: “初始化”: 从“size_t”转换到“int”，可能丢失数据
     1>drawline.cpp(81): warning C4267: “初始化”: 从“size_t”转换到“int”，可能丢失数据
     1>drawline.cpp(122): warning C4267: “初始化”: 从“size_t”转换到“int”，可能丢失数据
     1>drawline.cpp(135): warning C4258: “i”: 忽略 For 循环中的定义；使用封闭范围中的定义
                 drawline.cpp(128) : 忽略“i”的定义
                 drawline.cpp(124) : 使用“i”的定义
       ManifestResourceCompile:
         C:\Program Files (x86)\Microsoft SDKs\Windows\v7.0A\bin\rc.exe /nologo /fo"x64\Debug\FindGear.exe.embed.manifest.res" x64\Debug\FindGear_manifest.rc 
       Link:
         C:\Program Files (x86)\Microsoft Visual Studio 10.0\VC\bin\x86_amd64\link.exe /ERRORREPORT:PROMPT /OUT:"E:\FindGear\FindGear\x64\Debug\FindGear.exe" /INCREMENTAL /NOLOGO opencv_ts300d.lib opencv_world300d.lib kernel32.lib user32.lib gdi32.lib winspool.lib comdlg32.lib advapi32.lib shell32.lib ole32.lib oleaut32.lib uuid.lib odbc32.lib odbccp32.lib /MANIFEST /ManifestFile:"x64\Debug\FindGear.exe.intermediate.manifest" /MANIFESTUAC:"level='asInvoker' uiAccess='false'" /DEBUG /PDB:"E:\FindGear\FindGear\x64\Debug\FindGear.pdb" /SUBSYSTEM:CONSOLE /TLBID:1 /DYNAMICBASE /NXCOMPAT /IMPLIB:"E:\FindGear\FindGear\x64\Debug\FindGear.lib" /MACHINE:X64 x64\Debug\FindGear.exe.embed.manifest.res
         x64\Debug\drawline.obj
         FindGear.vcxproj -> E:\FindGear\FindGear\x64\Debug\FindGear.exe
       Manifest:
         正在删除文件“x64\Debug\FindGear.exe.embed.manifest”。
         C:\Program Files (x86)\Microsoft SDKs\Windows\v7.0A\bin\mt.exe /nologo /verbose /out:"x64\Debug\FindGear.exe.embed.manifest" /manifest x64\Debug\FindGear.exe.intermediate.manifest
         C:\Program Files (x86)\Microsoft SDKs\Windows\v7.0A\bin\rc.exe /nologo /fo"x64\Debug\FindGear.exe.embed.manifest.res" x64\Debug\FindGear_manifest.rc 
       LinkEmbedManifest:
         C:\Program Files (x86)\Microsoft Visual Studio 10.0\VC\bin\x86_amd64\link.exe /ERRORREPORT:PROMPT /OUT:"E:\FindGear\FindGear\x64\Debug\FindGear.exe" /INCREMENTAL /NOLOGO opencv_ts300d.lib opencv_world300d.lib kernel32.lib user32.lib gdi32.lib winspool.lib comdlg32.lib advapi32.lib shell32.lib ole32.lib oleaut32.lib uuid.lib odbc32.lib odbccp32.lib /MANIFEST /ManifestFile:"x64\Debug\FindGear.exe.intermediate.manifest" /MANIFESTUAC:"level='asInvoker' uiAccess='false'" /DEBUG /PDB:"E:\FindGear\FindGear\x64\Debug\FindGear.pdb" /SUBSYSTEM:CONSOLE /TLBID:1 /DYNAMICBASE /NXCOMPAT /IMPLIB:"E:\FindGear\FindGear\x64\Debug\FindGear.lib" /MACHINE:X64 x64\Debug\FindGear.exe.embed.manifest.res
         x64\Debug\drawline.obj
         FindGear.vcxproj -> E:\FindGear\FindGear\x64\Debug\FindGear.exe
       FinalizeBuildStatus:
         正在删除文件“x64\Debug\FindGear.unsuccessfulbuild”。
         正在对“x64\Debug\FindGear.lastbuildstate”执行 Touch 任务。
     1>已完成生成项目“E:\FindGear\FindGear\FindGear\FindGear.vcxproj”(rebuild 个目标)的操作。

生成成功。

已用时间 00:00:01.88
