C:\USERS\ADMINISTRATOR\DESKTOP\4-29\VISION\MYPROCESS\X64\RELEASE\DLLMAIN.OBJ
C:\USERS\ADMINISTRATOR\DESKTOP\4-29\VISION\MYPROCESS\X64\RELEASE\MYPROCESS.DLL.INTERMEDIATE.MANIFEST
C:\USERS\ADMINISTRATOR\DESKTOP\4-29\VISION\MYPROCESS\X64\RELEASE\MYPROCESS.OBJ
C:\USERS\ADMINISTRATOR\DESKTOP\4-29\VISION\MYPROCESS\X64\RELEASE\MYPROCESS.PCH
C:\USERS\ADMINISTRATOR\DESKTOP\4-29\VISION\MYPROCESS\X64\RELEASE\STDAFX.OBJ
C:\USERS\ADMINISTRATOR\DESKTOP\4-29\VISION\MYPROCESS\X64\RELEASE\VC100.PDB
C:\USERS\ADMINISTRATOR\DESKTOP\4-29\VISION\X64\RELEASE\MYPROCESS.DLL
C:\Users\Administrator\Desktop\4-29\vision\x64\Release\myprocess.exp
C:\Users\Administrator\Desktop\4-29\vision\x64\Release\myprocess.lib
C:\USERS\ADMINISTRATOR\DESKTOP\4-29\VISION\X64\RELEASE\MYPROCESS.PDB
C:\USERS\ADMINISTRATOR\DESKTOP\RW-NOMOTOR-SRC\RW-NOMOTOR\MYPROCESS\X64\RELEASE\DLLMAIN.OBJ
C:\USERS\ADMINISTRATOR\DESKTOP\RW-NOMOTOR-SRC\RW-NOMOTOR\MYPROCESS\X64\RELEASE\MYPROCESS.DLL.INTERMEDIATE.MANIFEST
C:\USERS\ADMINISTRATOR\DESKTOP\RW-NOMOTOR-SRC\RW-NOMOTOR\MYPROCESS\X64\RELEASE\MYPROCESS.OBJ
C:\USERS\ADMINISTRATOR\DESKTOP\RW-NOMOTOR-SRC\RW-NOMOTOR\MYPROCESS\X64\RELEASE\MYPROCESS.PCH
C:\USERS\ADMINISTRATOR\DESKTOP\RW-NOMOTOR-SRC\RW-NOMOTOR\MYPROCESS\X64\RELEASE\STDAFX.OBJ
C:\USERS\ADMINISTRATOR\DESKTOP\RW-NOMOTOR-SRC\RW-NOMOTOR\MYPROCESS\X64\RELEASE\VC100.PDB
C:\USERS\ADMINISTRATOR\DESKTOP\RW-NOMOTOR-SRC\RW-NOMOTOR\X64\RELEASE\MYPROCESS.DLL
C:\Users\Administrator\Desktop\RW-NoMotor-src\RW-NoMotor\x64\Release\myprocess.exp
C:\Users\Administrator\Desktop\RW-NoMotor-src\RW-NoMotor\x64\Release\myprocess.lib
C:\USERS\ADMINISTRATOR\DESKTOP\RW-NOMOTOR-SRC\RW-NOMOTOR\X64\RELEASE\MYPROCESS.PDB
C:\Users\Administrator\Desktop\V2\vision\myprocess\x64\Release\cl.command.1.tlog
C:\Users\Administrator\Desktop\V2\vision\myprocess\x64\Release\CL.read.1.tlog
C:\Users\Administrator\Desktop\V2\vision\myprocess\x64\Release\CL.write.1.tlog
C:\Users\Administrator\Desktop\V2\vision\myprocess\x64\Release\dllmain.obj
C:\Users\Administrator\Desktop\V2\vision\myprocess\x64\Release\link.command.1.tlog
C:\Users\Administrator\Desktop\V2\vision\myprocess\x64\Release\link.read.1.tlog
C:\Users\Administrator\Desktop\V2\vision\myprocess\x64\Release\link.write.1.tlog
C:\Users\Administrator\Desktop\V2\vision\myprocess\x64\Release\mt.command.1.tlog
C:\Users\Administrator\Desktop\V2\vision\myprocess\x64\Release\mt.read.1.tlog
C:\Users\Administrator\Desktop\V2\vision\myprocess\x64\Release\mt.write.1.tlog
C:\Users\Administrator\Desktop\V2\vision\myprocess\x64\Release\myprocess.dll.intermediate.manifest
C:\Users\Administrator\Desktop\V2\vision\myprocess\x64\Release\myprocess.obj
C:\Users\Administrator\Desktop\V2\vision\myprocess\x64\Release\myprocess.pch
C:\Users\Administrator\Desktop\V2\vision\myprocess\x64\Release\myprocess.vcxprojResolveAssemblyReference.cache
C:\Users\Administrator\Desktop\V2\vision\myprocess\x64\Release\myprocess.write.1.tlog
C:\Users\Administrator\Desktop\V2\vision\myprocess\x64\Release\stdafx.obj
C:\Users\Administrator\Desktop\V2\vision\myprocess\x64\Release\vc100.pdb
