F:\TEST\FINDGEAR\DEBUG\FINDGEAR.EXE
F:\TEST\FINDGEAR\DEBUG\FINDGEAR.ILK
F:\TEST\FINDGEAR\DEBUG\FINDGEAR.PDB
F:\TEST\FindGear\FindGear\Debug\cl.command.1.tlog
F:\TEST\FindGear\FindGear\Debug\CL.read.1.tlog
F:\TEST\FindGear\FindGear\Debug\CL.write.1.tlog
F:\TEST\FINDGEAR\FINDGEAR\DEBUG\DRAWLINE.OBJ
F:\TEST\FINDGEAR\FINDGEAR\DEBUG\FINDGEAR.EXE.EMBED.MANIFEST
F:\TEST\FINDGEAR\FINDGEAR\DEBUG\FINDGEAR.EXE.EMBED.MANIFEST.RES
F:\TEST\FINDGEAR\FINDGEAR\DEBUG\FINDGEAR.EXE.INTERMEDIATE.MANIFEST
F:\TEST\FindGear\FindGear\Debug\FindGear.write.1.tlog
F:\TEST\FindGear\FindGear\Debug\FindGear_manifest.rc
F:\TEST\FindGear\FindGear\Debug\link.15484.read.1.tlog
F:\TEST\FindGear\FindGear\Debug\link.15484.write.1.tlog
F:\TEST\FindGear\FindGear\Debug\link.15484-cvtres.read.1.tlog
F:\TEST\FindGear\FindGear\Debug\link.15484-cvtres.write.1.tlog
F:\TEST\FindGear\FindGear\Debug\link.command.1.tlog
F:\TEST\FindGear\FindGear\Debug\link.read.1.tlog
F:\TEST\FindGear\FindGear\Debug\link.write.1.tlog
F:\TEST\FindGear\FindGear\Debug\link-cvtres.read.1.tlog
F:\TEST\FindGear\FindGear\Debug\link-cvtres.write.1.tlog
F:\TEST\FindGear\FindGear\Debug\mt.command.1.tlog
F:\TEST\FindGear\FindGear\Debug\mt.read.1.tlog
F:\TEST\FindGear\FindGear\Debug\mt.write.1.tlog
F:\TEST\FindGear\FindGear\Debug\rc.command.1.tlog
F:\TEST\FindGear\FindGear\Debug\rc.read.1.tlog
F:\TEST\FindGear\FindGear\Debug\rc.write.1.tlog
F:\TEST\FindGear\FindGear\Debug\vc100.idb
F:\TEST\FINDGEAR\FINDGEAR\DEBUG\VC100.PDB
